# JRE version: OpenJDK Runtime Environment (21.0.7) (build 21.0.7+-13880790-b1038.58)
# Java VM: OpenJDK 64-Bit Server VM (21.0.7+-13880790-b1038.58, mixed mode, tiered, compressed oops, compressed class ptrs, g1 gc, windows-amd64)
GC Precious Log:
 CardTable entry size: 512
 Card Set container configuration: InlinePtr #cards 5 size 8 Array Of Cards #cards 12 size 40 Howl #buckets 4 coarsen threshold 1843 Howl Bitmap #cards 512 size 80 coarsen threshold 460 Card regions per heap region 1 cards per card region 2048
 CPUs: 4 total, 4 available
 Memory: 7975M
 Large Page Support: Disabled
 NUMA Support: Disabled
 Compressed Oops: Enabled (32-bit)
 Heap Region Size: 1M
 Heap Min Capacity: 8M
 Heap Initial Capacity: 126M
 Heap Max Capacity: 2G
 Pre-touch: Disabled
 Parallel Workers: 4
 Concurrent Workers: 1
 Concurrent Refinement Workers: 4
 Periodic GC: Disabled
Heap:
 garbage-first heap   total 254976K, used 198624K [0x0000000080000000, 0x0000000100000000)
  region size 1024K, 72 young (73728K), 12 survivors (12288K)
 Metaspace       used 123814K, committed 126208K, reserved 1179648K
  class space    used 17265K, committed 18432K, reserved 1048576K
GC Heap History (20 events):
Event: 37.237 GC heap before
{Heap before GC invocations=48 (full 0):
 garbage-first heap   total 167936K, used 146882K [0x0000000080000000, 0x0000000100000000)
  region size 1024K, 50 young (51200K), 4 survivors (4096K)
 Metaspace       used 106891K, committed 109056K, reserved 1179648K
  class space    used 14838K, committed 15936K, reserved 1048576K
}
Event: 37.247 GC heap after
{Heap after GC invocations=49 (full 0):
 garbage-first heap   total 167936K, used 102111K [0x0000000080000000, 0x0000000100000000)
  region size 1024K, 6 young (6144K), 6 survivors (6144K)
 Metaspace       used 106891K, committed 109056K, reserved 1179648K
  class space    used 14838K, committed 15936K, reserved 1048576K
}
Event: 38.566 GC heap before
{Heap before GC invocations=49 (full 0):
 garbage-first heap   total 167936K, used 152287K [0x0000000080000000, 0x0000000100000000)
  region size 1024K, 55 young (56320K), 6 survivors (6144K)
 Metaspace       used 110719K, committed 112832K, reserved 1179648K
  class space    used 15445K, committed 16512K, reserved 1048576K
}
Event: 38.578 GC heap after
{Heap after GC invocations=50 (full 0):
 garbage-first heap   total 167936K, used 103338K [0x0000000080000000, 0x0000000100000000)
  region size 1024K, 5 young (5120K), 5 survivors (5120K)
 Metaspace       used 110719K, committed 112832K, reserved 1179648K
  class space    used 15445K, committed 16512K, reserved 1048576K
}
Event: 39.863 GC heap before
{Heap before GC invocations=50 (full 0):
 garbage-first heap   total 167936K, used 153514K [0x0000000080000000, 0x0000000100000000)
  region size 1024K, 54 young (55296K), 5 survivors (5120K)
 Metaspace       used 114637K, committed 116864K, reserved 1179648K
  class space    used 15948K, committed 17088K, reserved 1048576K
}
Event: 39.873 GC heap after
{Heap after GC invocations=51 (full 0):
 garbage-first heap   total 167936K, used 107065K [0x0000000080000000, 0x0000000100000000)
  region size 1024K, 6 young (6144K), 6 survivors (6144K)
 Metaspace       used 114637K, committed 116864K, reserved 1179648K
  class space    used 15948K, committed 17088K, reserved 1048576K
}
Event: 40.830 GC heap before
{Heap before GC invocations=52 (full 0):
 garbage-first heap   total 179200K, used 151097K [0x0000000080000000, 0x0000000100000000)
  region size 1024K, 49 young (50176K), 6 survivors (6144K)
 Metaspace       used 114829K, committed 117056K, reserved 1179648K
  class space    used 15964K, committed 17088K, reserved 1048576K
}
Event: 40.844 GC heap after
{Heap after GC invocations=53 (full 0):
 garbage-first heap   total 179200K, used 114588K [0x0000000080000000, 0x0000000100000000)
  region size 1024K, 7 young (7168K), 7 survivors (7168K)
 Metaspace       used 114829K, committed 117056K, reserved 1179648K
  class space    used 15964K, committed 17088K, reserved 1048576K
}
Event: 42.489 GC heap before
{Heap before GC invocations=53 (full 0):
 garbage-first heap   total 179200K, used 161692K [0x0000000080000000, 0x0000000100000000)
  region size 1024K, 53 young (54272K), 7 survivors (7168K)
 Metaspace       used 117167K, committed 119424K, reserved 1179648K
  class space    used 16296K, committed 17408K, reserved 1048576K
}
Event: 42.512 GC heap after
{Heap after GC invocations=54 (full 0):
 garbage-first heap   total 180224K, used 122343K [0x0000000080000000, 0x0000000100000000)
  region size 1024K, 7 young (7168K), 7 survivors (7168K)
 Metaspace       used 117167K, committed 119424K, reserved 1179648K
  class space    used 16296K, committed 17408K, reserved 1048576K
}
Event: 42.926 GC heap before
{Heap before GC invocations=54 (full 0):
 garbage-first heap   total 180224K, used 161255K [0x0000000080000000, 0x0000000100000000)
  region size 1024K, 46 young (47104K), 7 survivors (7168K)
 Metaspace       used 117181K, committed 119424K, reserved 1179648K
  class space    used 16297K, committed 17408K, reserved 1048576K
}
Event: 42.941 GC heap after
{Heap after GC invocations=55 (full 0):
 garbage-first heap   total 180224K, used 126828K [0x0000000080000000, 0x0000000100000000)
  region size 1024K, 4 young (4096K), 4 survivors (4096K)
 Metaspace       used 117181K, committed 119424K, reserved 1179648K
  class space    used 16297K, committed 17408K, reserved 1048576K
}
Event: 43.608 GC heap before
{Heap before GC invocations=56 (full 0):
 garbage-first heap   total 211968K, used 164716K [0x0000000080000000, 0x0000000100000000)
  region size 1024K, 41 young (41984K), 4 survivors (4096K)
 Metaspace       used 117309K, committed 119616K, reserved 1179648K
  class space    used 16326K, committed 17472K, reserved 1048576K
}
Event: 43.614 GC heap after
{Heap after GC invocations=57 (full 0):
 garbage-first heap   total 211968K, used 129239K [0x0000000080000000, 0x0000000100000000)
  region size 1024K, 5 young (5120K), 5 survivors (5120K)
 Metaspace       used 117309K, committed 119616K, reserved 1179648K
  class space    used 16326K, committed 17472K, reserved 1048576K
}
Event: 44.670 GC heap before
{Heap before GC invocations=57 (full 0):
 garbage-first heap   total 211968K, used 192727K [0x0000000080000000, 0x0000000100000000)
  region size 1024K, 67 young (68608K), 5 survivors (5120K)
 Metaspace       used 117760K, committed 120000K, reserved 1179648K
  class space    used 16400K, committed 17536K, reserved 1048576K
}
Event: 44.682 GC heap after
{Heap after GC invocations=58 (full 0):
 garbage-first heap   total 254976K, used 129349K [0x0000000080000000, 0x0000000100000000)
  region size 1024K, 8 young (8192K), 8 survivors (8192K)
 Metaspace       used 117760K, committed 120000K, reserved 1179648K
  class space    used 16400K, committed 17536K, reserved 1048576K
}
Event: 46.135 GC heap before
{Heap before GC invocations=58 (full 0):
 garbage-first heap   total 254976K, used 225605K [0x0000000080000000, 0x0000000100000000)
  region size 1024K, 103 young (105472K), 8 survivors (8192K)
 Metaspace       used 118585K, committed 120832K, reserved 1179648K
  class space    used 16531K, committed 17664K, reserved 1048576K
}
Event: 46.152 GC heap after
{Heap after GC invocations=59 (full 0):
 garbage-first heap   total 254976K, used 133583K [0x0000000080000000, 0x0000000100000000)
  region size 1024K, 10 young (10240K), 10 survivors (10240K)
 Metaspace       used 118585K, committed 120832K, reserved 1179648K
  class space    used 16531K, committed 17664K, reserved 1048576K
}
Event: 50.742 GC heap before
{Heap before GC invocations=59 (full 0):
 garbage-first heap   total 254976K, used 229839K [0x0000000080000000, 0x0000000100000000)
  region size 1024K, 105 young (107520K), 10 survivors (10240K)
 Metaspace       used 121846K, committed 124160K, reserved 1179648K
  class space    used 16934K, committed 18112K, reserved 1048576K
}
Event: 50.793 GC heap after
{Heap after GC invocations=60 (full 0):
 garbage-first heap   total 254976K, used 139232K [0x0000000080000000, 0x0000000100000000)
  region size 1024K, 12 young (12288K), 12 survivors (12288K)
 Metaspace       used 121846K, committed 124160K, reserved 1179648K
  class space    used 16934K, committed 18112K, reserved 1048576K
}

