# JRE version: OpenJDK Runtime Environment (21.0.7) (build 21.0.7+-13880790-b1038.58)
# Java VM: OpenJDK 64-Bit Server VM (21.0.7+-13880790-b1038.58, mixed mode, tiered, compressed oops, compressed class ptrs, g1 gc, windows-amd64)
GC Precious Log:
 CardTable entry size: 512
 Card Set container configuration: InlinePtr #cards 5 size 8 Array Of Cards #cards 12 size 40 Howl #buckets 4 coarsen threshold 1843 Howl Bitmap #cards 512 size 80 coarsen threshold 460 Card regions per heap region 1 cards per card region 2048
 CPUs: 4 total, 4 available
 Memory: 7975M
 Large Page Support: Disabled
 NUMA Support: Disabled
 Compressed Oops: Enabled (32-bit)
 Heap Region Size: 1M
 Heap Min Capacity: 8M
 Heap Initial Capacity: 126M
 Heap Max Capacity: 2G
 Pre-touch: Disabled
 Parallel Workers: 4
 Concurrent Workers: 1
 Concurrent Refinement Workers: 4
 Periodic GC: Disabled
Heap:
 garbage-first heap   total 281600K, used 218570K [0x0000000080000000, 0x0000000100000000)
  region size 1024K, 60 young (61440K), 9 survivors (9216K)
 Metaspace       used 125527K, committed 127936K, reserved 1179648K
  class space    used 17345K, committed 18560K, reserved 1048576K
GC Heap History (20 events):
Event: 43.658 GC heap before
{Heap before GC invocations=49 (full 0):
 garbage-first heap   total 194560K, used 170854K [0x0000000080000000, 0x0000000100000000)
  region size 1024K, 50 young (51200K), 5 survivors (5120K)
 Metaspace       used 117896K, committed 120128K, reserved 1179648K
  class space    used 16376K, committed 17472K, reserved 1048576K
}
Event: 43.667 GC heap after
{Heap after GC invocations=50 (full 0):
 garbage-first heap   total 194560K, used 129598K [0x0000000080000000, 0x0000000100000000)
  region size 1024K, 5 young (5120K), 5 survivors (5120K)
 Metaspace       used 117896K, committed 120128K, reserved 1179648K
  class space    used 16376K, committed 17472K, reserved 1048576K
}
Event: 44.601 GC heap before
{Heap before GC invocations=51 (full 0):
 garbage-first heap   total 219136K, used 176702K [0x0000000080000000, 0x0000000100000000)
  region size 1024K, 51 young (52224K), 5 survivors (5120K)
 Metaspace       used 118054K, committed 120320K, reserved 1179648K
  class space    used 16395K, committed 17472K, reserved 1048576K
}
Event: 44.610 GC heap after
{Heap after GC invocations=52 (full 0):
 garbage-first heap   total 219136K, used 131774K [0x0000000080000000, 0x0000000100000000)
  region size 1024K, 5 young (5120K), 5 survivors (5120K)
 Metaspace       used 118054K, committed 120320K, reserved 1179648K
  class space    used 16395K, committed 17472K, reserved 1048576K
}
Event: 45.841 GC heap before
{Heap before GC invocations=52 (full 0):
 garbage-first heap   total 219136K, used 197310K [0x0000000080000000, 0x0000000100000000)
  region size 1024K, 70 young (71680K), 5 survivors (5120K)
 Metaspace       used 118342K, committed 120640K, reserved 1179648K
  class space    used 16428K, committed 17536K, reserved 1048576K
}
Event: 45.852 GC heap after
{Heap after GC invocations=53 (full 0):
 garbage-first heap   total 219136K, used 133232K [0x0000000080000000, 0x0000000100000000)
  region size 1024K, 6 young (6144K), 6 survivors (6144K)
 Metaspace       used 118342K, committed 120640K, reserved 1179648K
  class space    used 16428K, committed 17536K, reserved 1048576K
}
Event: 47.614 GC heap before
{Heap before GC invocations=53 (full 0):
 garbage-first heap   total 219136K, used 198768K [0x0000000080000000, 0x0000000100000000)
  region size 1024K, 71 young (72704K), 6 survivors (6144K)
 Metaspace       used 121071K, committed 123328K, reserved 1179648K
  class space    used 16807K, committed 17920K, reserved 1048576K
}
Event: 47.627 GC heap after
{Heap after GC invocations=54 (full 0):
 garbage-first heap   total 219136K, used 138031K [0x0000000080000000, 0x0000000100000000)
  region size 1024K, 8 young (8192K), 8 survivors (8192K)
 Metaspace       used 121071K, committed 123328K, reserved 1179648K
  class space    used 16807K, committed 17920K, reserved 1048576K
}
Event: 48.664 GC heap before
{Heap before GC invocations=55 (full 0):
 garbage-first heap   total 232448K, used 196399K [0x0000000080000000, 0x0000000100000000)
  region size 1024K, 66 young (67584K), 8 survivors (8192K)
 Metaspace       used 121939K, committed 124288K, reserved 1179648K
  class space    used 16939K, committed 18112K, reserved 1048576K
}
Event: 48.675 GC heap after
{Heap after GC invocations=56 (full 0):
 garbage-first heap   total 232448K, used 140592K [0x0000000080000000, 0x0000000100000000)
  region size 1024K, 5 young (5120K), 5 survivors (5120K)
 Metaspace       used 121939K, committed 124288K, reserved 1179648K
  class space    used 16939K, committed 18112K, reserved 1048576K
}
Event: 166.918 GC heap before
{Heap before GC invocations=56 (full 0):
 garbage-first heap   total 232448K, used 213296K [0x0000000080000000, 0x0000000100000000)
  region size 1024K, 76 young (77824K), 5 survivors (5120K)
 Metaspace       used 124163K, committed 126528K, reserved 1179648K
  class space    used 17300K, committed 18496K, reserved 1048576K
}
Event: 166.987 GC heap after
{Heap after GC invocations=57 (full 0):
 garbage-first heap   total 232448K, used 141781K [0x0000000080000000, 0x0000000100000000)
  region size 1024K, 8 young (8192K), 8 survivors (8192K)
 Metaspace       used 124163K, committed 126528K, reserved 1179648K
  class space    used 17300K, committed 18496K, reserved 1048576K
}
Event: 170.355 GC heap before
{Heap before GC invocations=57 (full 0):
 garbage-first heap   total 232448K, used 210389K [0x0000000080000000, 0x0000000100000000)
  region size 1024K, 76 young (77824K), 8 survivors (8192K)
 Metaspace       used 124614K, committed 127040K, reserved 1179648K
  class space    used 17305K, committed 18496K, reserved 1048576K
}
Event: 170.375 GC heap after
{Heap after GC invocations=58 (full 0):
 garbage-first heap   total 232448K, used 147864K [0x0000000080000000, 0x0000000100000000)
  region size 1024K, 10 young (10240K), 10 survivors (10240K)
 Metaspace       used 124614K, committed 127040K, reserved 1179648K
  class space    used 17305K, committed 18496K, reserved 1048576K
}
Event: 173.415 GC heap before
{Heap before GC invocations=59 (full 0):
 garbage-first heap   total 247808K, used 207256K [0x0000000080000000, 0x0000000100000000)
  region size 1024K, 69 young (70656K), 10 survivors (10240K)
 Metaspace       used 124769K, committed 127168K, reserved 1179648K
  class space    used 17307K, committed 18496K, reserved 1048576K
}
Event: 173.442 GC heap after
{Heap after GC invocations=60 (full 0):
 garbage-first heap   total 247808K, used 156449K [0x0000000080000000, 0x0000000100000000)
  region size 1024K, 8 young (8192K), 8 survivors (8192K)
 Metaspace       used 124769K, committed 127168K, reserved 1179648K
  class space    used 17307K, committed 18496K, reserved 1048576K
}
Event: 420.936 GC heap before
{Heap before GC invocations=60 (full 0):
 garbage-first heap   total 247808K, used 224033K [0x0000000080000000, 0x0000000100000000)
  region size 1024K, 75 young (76800K), 8 survivors (8192K)
 Metaspace       used 125083K, committed 127488K, reserved 1179648K
  class space    used 17324K, committed 18560K, reserved 1048576K
}
Event: 421.094 GC heap after
{Heap after GC invocations=61 (full 0):
 garbage-first heap   total 247808K, used 157966K [0x0000000080000000, 0x0000000100000000)
  region size 1024K, 4 young (4096K), 4 survivors (4096K)
 Metaspace       used 125083K, committed 127488K, reserved 1179648K
  class space    used 17324K, committed 18560K, reserved 1048576K
}
Event: 425.721 GC heap before
{Heap before GC invocations=61 (full 0):
 garbage-first heap   total 247808K, used 226574K [0x0000000080000000, 0x0000000100000000)
  region size 1024K, 72 young (73728K), 4 survivors (4096K)
 Metaspace       used 125333K, committed 127744K, reserved 1179648K
  class space    used 17330K, committed 18560K, reserved 1048576K
}
Event: 425.755 GC heap after
{Heap after GC invocations=62 (full 0):
 garbage-first heap   total 247808K, used 168394K [0x0000000080000000, 0x0000000100000000)
  region size 1024K, 9 young (9216K), 9 survivors (9216K)
 Metaspace       used 125333K, committed 127744K, reserved 1179648K
  class space    used 17330K, committed 18560K, reserved 1048576K
}

