# JRE version: OpenJDK Runtime Environment (21.0.7) (build 21.0.7+-13880790-b1038.58)
# Java VM: OpenJDK 64-Bit Server VM (21.0.7+-13880790-b1038.58, mixed mode, tiered, compressed oops, compressed class ptrs, g1 gc, windows-amd64)
GC Precious Log:
 CardTable entry size: 512
 Card Set container configuration: InlinePtr #cards 5 size 8 Array Of Cards #cards 12 size 40 Howl #buckets 4 coarsen threshold 1843 Howl Bitmap #cards 512 size 80 coarsen threshold 460 Card regions per heap region 1 cards per card region 2048
 CPUs: 4 total, 4 available
 Memory: 7975M
 Large Page Support: Disabled
 NUMA Support: Disabled
 Compressed Oops: Enabled (32-bit)
 Heap Region Size: 1M
 Heap Min Capacity: 8M
 Heap Initial Capacity: 126M
 Heap Max Capacity: 2G
 Pre-touch: Disabled
 Parallel Workers: 4
 Concurrent Workers: 1
 Concurrent Refinement Workers: 4
 Periodic GC: Disabled
Heap:
 garbage-first heap   total 336896K, used 327854K [0x0000000080000000, 0x0000000100000000)
  region size 1024K, 13 young (13312K), 5 survivors (5120K)
 Metaspace       used 127335K, committed 129664K, reserved 1179648K
  class space    used 17618K, committed 18752K, reserved 1048576K
GC Heap History (20 events):
Event: 22.582 GC heap before
{Heap before GC invocations=45 (full 0):
 garbage-first heap   total 181248K, used 162440K [0x0000000080000000, 0x0000000100000000)
  region size 1024K, 59 young (60416K), 8 survivors (8192K)
 Metaspace       used 116818K, committed 119040K, reserved 1179648K
  class space    used 16289K, committed 17408K, reserved 1048576K
}
Event: 22.599 GC heap after
{Heap after GC invocations=46 (full 0):
 garbage-first heap   total 181248K, used 118784K [0x0000000080000000, 0x0000000100000000)
  region size 1024K, 8 young (8192K), 8 survivors (8192K)
 Metaspace       used 116818K, committed 119040K, reserved 1179648K
  class space    used 16289K, committed 17408K, reserved 1048576K
}
Event: 23.280 GC heap before
{Heap before GC invocations=47 (full 0):
 garbage-first heap   total 198656K, used 161792K [0x0000000080000000, 0x0000000100000000)
  region size 1024K, 50 young (51200K), 8 survivors (8192K)
 Metaspace       used 117128K, committed 119424K, reserved 1179648K
  class space    used 16297K, committed 17408K, reserved 1048576K
}
Event: 23.294 GC heap after
{Heap after GC invocations=48 (full 0):
 garbage-first heap   total 198656K, used 125621K [0x0000000080000000, 0x0000000100000000)
  region size 1024K, 7 young (7168K), 7 survivors (7168K)
 Metaspace       used 117128K, committed 119424K, reserved 1179648K
  class space    used 16297K, committed 17408K, reserved 1048576K
}
Event: 23.750 GC heap before
{Heap before GC invocations=48 (full 0):
 garbage-first heap   total 198656K, used 177845K [0x0000000080000000, 0x0000000100000000)
  region size 1024K, 59 young (60416K), 7 survivors (7168K)
 Metaspace       used 117138K, committed 119424K, reserved 1179648K
  class space    used 16297K, committed 17408K, reserved 1048576K
}
Event: 23.761 GC heap after
{Heap after GC invocations=49 (full 0):
 garbage-first heap   total 198656K, used 127328K [0x0000000080000000, 0x0000000100000000)
  region size 1024K, 5 young (5120K), 5 survivors (5120K)
 Metaspace       used 117138K, committed 119424K, reserved 1179648K
  class space    used 16297K, committed 17408K, reserved 1048576K
}
Event: 24.256 GC heap before
{Heap before GC invocations=49 (full 0):
 garbage-first heap   total 198656K, used 160096K [0x0000000080000000, 0x0000000100000000)
  region size 1024K, 38 young (38912K), 5 survivors (5120K)
 Metaspace       used 117592K, committed 119808K, reserved 1179648K
  class space    used 16388K, committed 17472K, reserved 1048576K
}
Event: 24.264 GC heap after
{Heap after GC invocations=50 (full 0):
 garbage-first heap   total 238592K, used 128804K [0x0000000080000000, 0x0000000100000000)
  region size 1024K, 4 young (4096K), 4 survivors (4096K)
 Metaspace       used 117592K, committed 119808K, reserved 1179648K
  class space    used 16388K, committed 17472K, reserved 1048576K
}
Event: 24.982 GC heap before
{Heap before GC invocations=50 (full 0):
 garbage-first heap   total 238592K, used 212772K [0x0000000080000000, 0x0000000100000000)
  region size 1024K, 86 young (88064K), 4 survivors (4096K)
 Metaspace       used 117792K, committed 120064K, reserved 1179648K
  class space    used 16409K, committed 17536K, reserved 1048576K
}
Event: 24.992 GC heap after
{Heap after GC invocations=51 (full 0):
 garbage-first heap   total 238592K, used 133340K [0x0000000080000000, 0x0000000100000000)
  region size 1024K, 9 young (9216K), 9 survivors (9216K)
 Metaspace       used 117792K, committed 120064K, reserved 1179648K
  class space    used 16409K, committed 17536K, reserved 1048576K
}
Event: 26.269 GC heap before
{Heap before GC invocations=51 (full 0):
 garbage-first heap   total 238592K, used 214236K [0x0000000080000000, 0x0000000100000000)
  region size 1024K, 88 young (90112K), 9 survivors (9216K)
 Metaspace       used 120850K, committed 123136K, reserved 1179648K
  class space    used 16784K, committed 17920K, reserved 1048576K
}
Event: 26.283 GC heap after
{Heap after GC invocations=52 (full 0):
 garbage-first heap   total 238592K, used 138284K [0x0000000080000000, 0x0000000100000000)
  region size 1024K, 8 young (8192K), 8 survivors (8192K)
 Metaspace       used 120850K, committed 123136K, reserved 1179648K
  class space    used 16784K, committed 17920K, reserved 1048576K
}
Event: 27.099 GC heap before
{Heap before GC invocations=53 (full 0):
 garbage-first heap   total 238592K, used 215084K [0x0000000080000000, 0x0000000100000000)
  region size 1024K, 84 young (86016K), 8 survivors (8192K)
 Metaspace       used 121488K, committed 123776K, reserved 1179648K
  class space    used 16892K, committed 18048K, reserved 1048576K
}
Event: 27.111 GC heap after
{Heap after GC invocations=54 (full 0):
 garbage-first heap   total 238592K, used 141050K [0x0000000080000000, 0x0000000100000000)
  region size 1024K, 6 young (6144K), 6 survivors (6144K)
 Metaspace       used 121488K, committed 123776K, reserved 1179648K
  class space    used 16892K, committed 18048K, reserved 1048576K
}
Event: 27.874 GC heap before
{Heap before GC invocations=54 (full 0):
 garbage-first heap   total 248832K, used 246522K [0x0000000080000000, 0x0000000100000000)
  region size 1024K, 40 young (40960K), 6 survivors (6144K)
 Metaspace       used 122889K, committed 125184K, reserved 1179648K
  class space    used 16962K, committed 18112K, reserved 1048576K
}
Event: 27.885 GC heap after
{Heap after GC invocations=55 (full 0):
 garbage-first heap   total 266240K, used 215439K [0x0000000080000000, 0x0000000100000000)
  region size 1024K, 11 young (11264K), 11 survivors (11264K)
 Metaspace       used 122889K, committed 125184K, reserved 1179648K
  class space    used 16962K, committed 18112K, reserved 1048576K
}
Event: 28.541 GC heap before
{Heap before GC invocations=55 (full 0):
 garbage-first heap   total 266240K, used 240015K [0x0000000080000000, 0x0000000100000000)
  region size 1024K, 36 young (36864K), 11 survivors (11264K)
 Metaspace       used 126815K, committed 129152K, reserved 1179648K
  class space    used 17532K, committed 18688K, reserved 1048576K
}
Event: 28.552 GC heap after
{Heap after GC invocations=56 (full 0):
 garbage-first heap   total 266240K, used 217091K [0x0000000080000000, 0x0000000100000000)
  region size 1024K, 2 young (2048K), 2 survivors (2048K)
 Metaspace       used 126815K, committed 129152K, reserved 1179648K
  class space    used 17532K, committed 18688K, reserved 1048576K
}
Event: 28.778 GC heap before
{Heap before GC invocations=56 (full 0):
 garbage-first heap   total 281600K, used 279555K [0x0000000080000000, 0x0000000100000000)
  region size 1024K, 22 young (22528K), 2 survivors (2048K)
 Metaspace       used 127335K, committed 129664K, reserved 1179648K
  class space    used 17618K, committed 18752K, reserved 1048576K
}
Event: 28.783 GC heap after
{Heap after GC invocations=57 (full 0):
 garbage-first heap   total 288768K, used 238766K [0x0000000080000000, 0x0000000100000000)
  region size 1024K, 5 young (5120K), 5 survivors (5120K)
 Metaspace       used 127335K, committed 129664K, reserved 1179648K
  class space    used 17618K, committed 18752K, reserved 1048576K
}

